This is pdfTeX, Version 3.14159265-2.6-1.40.18 (MiKTeX 2.9.6350 64-bit) (preloaded format=pdflatex 2018.2.6)  8 FEB 2018 10:17
entering extended mode
**./Research.tex
(Research.tex
LaTeX2e <2017-04-15>
Babel <3.10> and hyphenation patterns for 75 language(s) loaded.
("C:\Program Files\MiKTeX 2.9\tex\latex\base\article.cls"
Document Class: article 2014/09/29 v1.4h Standard LaTeX document class
("C:\Program Files\MiKTeX 2.9\tex\latex\base\size12.clo"
File: size12.clo 2014/09/29 v1.4h Standard LaTeX file (size option)
)
\c@part=\count79
\c@section=\count80
\c@subsection=\count81
\c@subsubsection=\count82
\c@paragraph=\count83
\c@subparagraph=\count84
\c@figure=\count85
\c@table=\count86
\abovecaptionskip=\skip41
\belowcaptionskip=\skip42
\bibindent=\dimen102
) (Research.aux)
\openout1 = `Research.aux'.

LaTeX Font Info:    Checking defaults for OML/cmm/m/it on input line 5.
LaTeX Font Info:    ... okay on input line 5.
LaTeX Font Info:    Checking defaults for T1/cmr/m/n on input line 5.
LaTeX Font Info:    ... okay on input line 5.
LaTeX Font Info:    Checking defaults for OT1/cmr/m/n on input line 5.
LaTeX Font Info:    ... okay on input line 5.
LaTeX Font Info:    Checking defaults for OMS/cmsy/m/n on input line 5.
LaTeX Font Info:    ... okay on input line 5.
LaTeX Font Info:    Checking defaults for OMX/cmex/m/n on input line 5.
LaTeX Font Info:    ... okay on input line 5.
LaTeX Font Info:    Checking defaults for U/cmr/m/n on input line 5.
LaTeX Font Info:    ... okay on input line 5.
LaTeX Font Info:    External font `cmex10' loaded for size
(Font)              <14.4> on input line 10.
LaTeX Font Info:    External font `cmex10' loaded for size
(Font)              <7> on input line 10.

[1

{C:/ProgramData/MiKTeX/2.9/pdftex/config/pdftex.map}]
Overfull \hbox (9.79332pt too wide) in paragraph at lines 23--24
\OT1/cmss/m/n/12 jutfSDPOIJKAmhnfeicsvhkuhuvhzsidfuihaviuehhvbhizcsxzksjbvvjkls
dakj kd-cjkjkcb-
 []


Overfull \hbox (77.1646pt too wide) in paragraph at lines 23--24
\OT1/cmss/m/n/12 bkd-vkjv,bcvknbxckjsdbjvjutfSDPOIJKAmhnfeicsvhkuhuvhzsidfuihav
iuehhvbhizcsxzksjbvvjklsdakj
 []


Overfull \hbox (127.12643pt too wide) in paragraph at lines 23--24
\OT1/cmss/m/n/12 kd-cjkjkcb-bkd-vkjv,bcvknbxckjsdbjvsjutfSDPOIJKAmhnfeicsvhkuhu
vhzsidfuihaviuehhvbhizcsxzksjbvvjklsdakj
 []


Overfull \hbox (127.12643pt too wide) in paragraph at lines 23--24
\OT1/cmss/m/n/12 kd-cjkjkcb-bkd-vkjv,bcvknbxckjsdbjvsjutfSDPOIJKAmhnfeicsvhkuhu
vhzsidfuihaviuehhvbhizcsxzksjbvvjklsdakj
 []


Overfull \hbox (5.07092pt too wide) in paragraph at lines 27--31
\OT1/cmr/m/n/12 jutfSDPOIJKAmhnfeicsvhkuhuvhzsidfuihaviuehhvbhizcsxzksjbvvjklsd
akj kd-
 []


Overfull \hbox (56.23425pt too wide) in paragraph at lines 27--31
\OT1/cmr/m/n/12 cjkjkcb-bkd-vkjv,bcvknbxckjsdbjvs my name is klaus kd-cjkjkcb-b
kd-vkjv,bcvknbxckjsdbjvs 
 []


Overfull \hbox (5.07092pt too wide) in paragraph at lines 33--40
\OT1/cmr/m/n/12 jutfSDPOIJKAmhnfeicsvhkuhuvhzsidfuihaviuehhvbhizcsxzksjbvvjklsd
akj kd-
 []


Overfull \hbox (432.04843pt too wide) in paragraph at lines 33--40
\OT1/cmr/m/n/12 cjkjkcb-bkd-vkjv,bcvknbxckjsdbjvs my name is klaus kd-cjkjkcb-b
kd-vkjv,bcvknbxckjsdbjvsjutfSDPOIJKAmhnfeicsvhkuhuvhzsidfuihaviuehhvbhizcsxzksj
bvvjklsdakj
 []


Overfull \hbox (68.96329pt too wide) in paragraph at lines 33--40
\OT1/cmr/m/n/12 kd-cjkjkcb-bkd-vkjv,bcvknbxckjsdbjvs my name is klaus kd-cjkjkc
b-bkd-vkjv,bcvknbxckjsdbjvs 
 []

[2] (Research.aux) ) 
Here is how much of TeX's memory you used:
 219 strings out of 493323
 2319 string characters out of 3139067
 54648 words of memory out of 3000000
 3839 multiletter control sequences out of 15000+200000
 6370 words of font info for 23 fonts, out of 3000000 for 9000
 1141 hyphenation exceptions out of 8191
 22i,6n,19p,123b,234s stack positions out of 5000i,500n,10000p,200000b,50000s
<C:/Program Files/MiKTeX 2.9/fonts/type1/public/amsfonts/cm
/cmbx12.pfb><C:/Program Files/MiKTeX 2.9/fonts/type1/public/amsfonts/cm/cmr12.p
fb><C:/Program Files/MiKTeX 2.9/fonts/type1/public/amsfonts/cm/cmr17.pfb><C:/Pr
ogram Files/MiKTeX 2.9/fonts/type1/public/amsfonts/cm/cmss12.pfb>
Output written on Research.pdf (2 pages, 53640 bytes).
PDF statistics:
 25 PDF objects out of 1000 (max. 8388607)
 0 named destinations out of 1000 (max. 500000)
 1 words of extra memory for PDF output out of 10000 (max. 10000000)

